This is pTeXk, Version 3.141592-p3.1.11 (euc) (Web2C 7.5.4) (format=platex 2012.10.6)  6 DEC 2012 20:18
 %&-line parsing enabled.
**1029249540-YamazakiKeitaro-9.tex
(./1029249540-YamazakiKeitaro-9.tex
pLaTeX2e <2006/11/10>+0 (based on LaTeX2e <2009/09/24> patch level 0)
(/usr/share/texmf-texlive/tex/latex/base/article.cls
Document Class: article 2007/10/19 v1.4h Standard LaTeX document class
(/usr/share/texmf-texlive/tex/latex/base/size12.clo
File: size12.clo 2007/10/19 v1.4h Standard LaTeX file (size option)
)
\c@part=\count81
\c@section=\count82
\c@subsection=\count83
\c@subsubsection=\count84
\c@paragraph=\count85
\c@subparagraph=\count86
\c@figure=\count87
\c@table=\count88
\abovecaptionskip=\skip41
\belowcaptionskip=\skip42
\bibindent=\dimen118
)
(/home/tyage/texmf/tex/latex/listings/listings.sty
(/usr/share/texmf-texlive/tex/latex/graphics/keyval.sty
Package: keyval 1999/03/16 v1.13 key=value parser (DPC)
\KV@toks@=\toks15
)
\lst@mode=\count89
\lst@gtempboxa=\box41
\lst@token=\toks16
\lst@length=\count90
\lst@currlwidth=\dimen119
\lst@column=\count91
\lst@pos=\count92
\lst@lostspace=\dimen120
\lst@width=\dimen121
\lst@newlines=\count93
\lst@lineno=\count94
\lst@maxwidth=\dimen122

(/home/tyage/texmf/tex/latex/listings/lstmisc.sty
File: lstmisc.sty 2007/02/22 1.4 (Carsten Heinz)
\c@lstnumber=\count95
\lst@skipnumbers=\count96
\lst@framebox=\box42
)
(/home/tyage/texmf/tex/latex/listings/listings.cfg
File: listings.cfg 2007/02/22 1.4 listings configuration
))
Package: listings 2007/02/22 1.4 (Carsten Heinz)

(./1029249540-YamazakiKeitaro-9.aux)
\openout1 = `1029249540-YamazakiKeitaro-9.aux'.

LaTeX Font Info:    Checking defaults for OML/cmm/m/it on input line 5.
LaTeX Font Info:    ... okay on input line 5.
LaTeX Font Info:    Checking defaults for T1/cmr/m/n on input line 5.
LaTeX Font Info:    ... okay on input line 5.
LaTeX Font Info:    Checking defaults for OT1/cmr/m/n on input line 5.
LaTeX Font Info:    ... okay on input line 5.
LaTeX Font Info:    Checking defaults for OMS/cmsy/m/n on input line 5.
LaTeX Font Info:    ... okay on input line 5.
LaTeX Font Info:    Checking defaults for OMX/cmex/m/n on input line 5.
LaTeX Font Info:    ... okay on input line 5.
LaTeX Font Info:    Checking defaults for U/cmr/m/n on input line 5.
LaTeX Font Info:    ... okay on input line 5.
LaTeX Font Info:    Checking defaults for JY1/mc/m/n on input line 5.
LaTeX Font Info:    ... okay on input line 5.
LaTeX Font Info:    Checking defaults for JT1/mc/m/n on input line 5.
LaTeX Font Info:    ... okay on input line 5.
\c@lstlisting=\count97
LaTeX Font Info:    External font `cmex10' loaded for size
(Font)              <14.4> on input line 6.
LaTeX Font Info:    External font `cmex10' loaded for size
(Font)              <7> on input line 6.
LaTeX Font Info:    Font shape `JT1/mc/bx/n' in size <17.28> not available
(Font)              Font shape `JT1/gt/m/n' tried instead on input line 8.
LaTeX Font Info:    Font shape `JY1/mc/bx/n' in size <17.28> not available
(Font)              Font shape `JY1/gt/m/n' tried instead on input line 8.
 (./diff.scm
LaTeX Font Info:    External font `cmex10' loaded for size
(Font)              <10.95> on input line 2.
LaTeX Font Info:    External font `cmex10' loaded for size
(Font)              <8> on input line 2.
LaTeX Font Info:    External font `cmex10' loaded for size
(Font)              <6> on input line 2.
LaTeX Font Info:    Try loading font information for OMS+cmr on input line 16.

(/usr/share/texmf-texlive/tex/latex/base/omscmr.fd
File: omscmr.fd 1999/05/25 v2.5h Standard LaTeX font definitions
)
LaTeX Font Info:    Font shape `OMS/cmr/m/n' in size <10.95> not available
(Font)              Font shape `OMS/cmsy/m/n' tried instead on input line 16.
 [1

] [2]
Overfull \hbox (122.46533pt too wide) in paragraph at lines 98--99
[][][][][][][][][][][][][][][][][][][][][][] 
 []


Overfull \hbox (69.90479pt too wide) in paragraph at lines 105--106
[][][][][][][][][][][][][][][] 
 []


Overfull \hbox (56.76465pt too wide) in paragraph at lines 108--109
[][][][][][][][][][][][][][][] 
 []

[3]
Overfull \hbox (135.60547pt too wide) in paragraph at lines 117--118
[][][][][][][][][][][][][][][][] 
 []


Overfull \hbox (89.61499pt too wide) in paragraph at lines 118--119
[][][][][][][][][][][][][][][] 
 []


Overfull \hbox (10.77417pt too wide) in paragraph at lines 121--122
[][][][][][][][][] 
 []


Overfull \hbox (10.77417pt too wide) in paragraph at lines 122--123
[][][][][][][][][] 
 []


Overfull \hbox (76.47485pt too wide) in paragraph at lines 126--127
[][][][][][][][][][][][][][][][] 
 []


Overfull \hbox (43.62451pt too wide) in paragraph at lines 127--128
[][][][][][][][][][][][][][][] 
 []


Overfull \hbox (17.34424pt too wide) in paragraph at lines 135--136
[][][][][][][][][][][][][][][] 
 []


Overfull \hbox (56.76465pt too wide) in paragraph at lines 139--140
[][][][][][][][][][][][][][][][] 
 []


Overfull \hbox (69.90479pt too wide) in paragraph at lines 144--145
[][][][][][][][][][][][][][][][][][][][][][] 
 []

)

! LaTeX Error: There's no line here to end.

See the LaTeX manual or LaTeX Companion for explanation.
Type  H <return>  for immediate help.
 ...                                              
                                                  
l.12 \section
             {微分システムの実行例}
? 
LaTeX Font Info:    External font `cmex10' loaded for size
(Font)              <12> on input line 15.
[4] [5] (./1029249540-YamazakiKeitaro-9.aux) ) 
Here is how much of TeX's memory you used:
 1477 strings out of 257674
 20924 string characters out of 1191153
 88140 words of memory out of 3000000
 4688 multiletter control sequences out of 10000+50000
 15296 words of font info for 59 fonts, out of 2000000 for 2000
 14 hyphenation exceptions out of 8191
 29i,6n,32p,222b,1683s stack positions out of 5000i,500n,6000p,200000b,40000s

Output written on 1029249540-YamazakiKeitaro-9.dvi (5 pages, 16244 bytes).
