This is e-pTeX, Version 3.1415926-p3.3-110825-2.4 (utf8.euc) (TeX Live 2012/Debian) (format=platex 2013.2.1)  7 FEB 2013 07:18
entering extended mode
 restricted \write18 enabled.
 %&-line parsing enabled.
**1029249540-YamazakiKeitaro-5.tex
(./1029249540-YamazakiKeitaro-5.tex
pLaTeX2e <2006/11/10> (based on LaTeX2e <2011/06/27> patch level 0)
Babel <v3.8m> and hyphenation patterns for english, dumylang, nohyphenation, et
hiopic, farsi, arabic, pinyin, croatian, bulgarian, ukrainian, russian, slovak,
 czech, danish, dutch, usenglishmax, ukenglish, finnish, french, basque, ngerma
n, german, swissgerman, ngerman-x-2012-05-30, german-x-2012-05-30, monogreek, g
reek, ibycus, ancientgreek, hungarian, bengali, tamil, hindi, telugu, gujarati,
 sanskrit, malayalam, kannada, assamese, marathi, oriya, panjabi, italian, lati
n, latvian, lithuanian, mongolian, mongolianlmc, nynorsk, bokmal, indonesian, e
speranto, coptic, welsh, irish, interlingua, serbian, serbianc, slovenian, friu
lan, romansh, estonian, romanian, armenian, uppersorbian, turkish, afrikaans, i
celandic, kurmanji, polish, portuguese, galician, catalan, spanish, swedish, th
ai, loaded.
(/usr/share/texlive/texmf-dist/tex/latex/base/article.cls
Document Class: article 2007/10/19 v1.4h Standard LaTeX document class
(/usr/share/texlive/texmf-dist/tex/latex/base/size12.clo
File: size12.clo 2007/10/19 v1.4h Standard LaTeX file (size option)
)
\c@part=\count81
\c@section=\count82
\c@subsection=\count83
\c@subsubsection=\count84
\c@paragraph=\count85
\c@subparagraph=\count86
\c@figure=\count87
\c@table=\count88
\abovecaptionskip=\skip41
\belowcaptionskip=\skip42
\bibindent=\dimen118
)
(/home/tyage/texmf/tex/latex/listings/listings.sty
(/usr/share/texlive/texmf-dist/tex/latex/graphics/keyval.sty
Package: keyval 1999/03/16 v1.13 key=value parser (DPC)
\KV@toks@=\toks15
)
\lst@mode=\count89
\lst@gtempboxa=\box41
\lst@token=\toks16
\lst@length=\count90
\lst@currlwidth=\dimen119
\lst@column=\count91
\lst@pos=\count92
\lst@lostspace=\dimen120
\lst@width=\dimen121
\lst@newlines=\count93
\lst@lineno=\count94
\lst@maxwidth=\dimen122

(/home/tyage/texmf/tex/latex/listings/lstmisc.sty
File: lstmisc.sty 2007/02/22 1.4 (Carsten Heinz)
\c@lstnumber=\count95
\lst@skipnumbers=\count96
\lst@framebox=\box42
)
(/home/tyage/texmf/tex/latex/listings/listings.cfg
File: listings.cfg 2007/02/22 1.4 listings configuration
))
Package: listings 2007/02/22 1.4 (Carsten Heinz)

(./1029249540-YamazakiKeitaro-5.aux)
\openout1 = `1029249540-YamazakiKeitaro-5.aux'.

LaTeX Font Info:    Checking defaults for OML/cmm/m/it on input line 5.
LaTeX Font Info:    ... okay on input line 5.
LaTeX Font Info:    Checking defaults for T1/cmr/m/n on input line 5.
LaTeX Font Info:    ... okay on input line 5.
LaTeX Font Info:    Checking defaults for OT1/cmr/m/n on input line 5.
LaTeX Font Info:    ... okay on input line 5.
LaTeX Font Info:    Checking defaults for OMS/cmsy/m/n on input line 5.
LaTeX Font Info:    ... okay on input line 5.
LaTeX Font Info:    Checking defaults for OMX/cmex/m/n on input line 5.
LaTeX Font Info:    ... okay on input line 5.
LaTeX Font Info:    Checking defaults for U/cmr/m/n on input line 5.
LaTeX Font Info:    ... okay on input line 5.
LaTeX Font Info:    Checking defaults for JY1/mc/m/n on input line 5.
LaTeX Font Info:    ... okay on input line 5.
LaTeX Font Info:    Checking defaults for JT1/mc/m/n on input line 5.
LaTeX Font Info:    ... okay on input line 5.
\c@lstlisting=\count97
LaTeX Font Info:    External font `cmex10' loaded for size
(Font)              <14.4> on input line 6.
LaTeX Font Info:    External font `cmex10' loaded for size
(Font)              <7> on input line 6.
LaTeX Font Info:    Font shape `JT1/mc/bx/n' in size <17.28> not available
(Font)              Font shape `JT1/gt/m/n' tried instead on input line 8.
LaTeX Font Info:    Font shape `JY1/mc/bx/n' in size <17.28> not available
(Font)              Font shape `JY1/gt/m/n' tried instead on input line 8.
 (./1.29.scm
LaTeX Font Info:    Try loading font information for OML+cmr on input line 3.

(/usr/share/texlive/texmf-dist/tex/latex/base/omlcmr.fd
File: omlcmr.fd 1999/05/25 v2.5h Standard LaTeX font definitions
)
LaTeX Font Info:    Font shape `OML/cmr/m/n' in size <10.95> not available
(Font)              Font shape `OML/cmm/m/it' tried instead on input line 3.
LaTeX Font Info:    External font `cmex10' loaded for size
(Font)              <10.95> on input line 11.
LaTeX Font Info:    External font `cmex10' loaded for size
(Font)              <8> on input line 11.
LaTeX Font Info:    External font `cmex10' loaded for size
(Font)              <6> on input line 11.
LaTeX Font Info:    Try loading font information for OMS+cmr on input line 14.

(/usr/share/texlive/texmf-dist/tex/latex/base/omscmr.fd
File: omscmr.fd 1999/05/25 v2.5h Standard LaTeX font definitions
)
LaTeX Font Info:    Font shape `OMS/cmr/m/n' in size <10.95> not available
(Font)              Font shape `OMS/cmsy/m/n' tried instead on input line 14.
 [1

])

! LaTeX Error: There's no line here to end.

See the LaTeX manual or LaTeX Companion for explanation.
Type  H <return>  for immediate help.
 ...                                              
                                                  
l.12 \large
           {出力結果}\\
? 

Overfull \hbox (12.23665pt too wide) in paragraph at lines 12--22
[]\OT1/cmr/m/n/14.4 (integral (lambda (x) (* x x x)) 0 1 1000) =$\OML/cmm/m/it/
14.4 >$ \OT1/cmr/m/n/14.4 0.25050025000000004 
 []


Overfull \hbox (5.18674pt too wide) in paragraph at lines 12--22
[]\OT1/cmr/m/n/14.4 (integral (lambda (x) (* x x x)) 0 1 100) =$\OML/cmm/m/it/1
4.4 >$ \OT1/cmr/m/n/14.4 0.25502500000000006 
 []

(./1.31.scm
Overfull \hbox (37.05444pt too wide) in paragraph at lines 13--14
[][][][][][][][][][][][][][][][][][][][][][][][][][][][][] 
 []

[2]
Overfull \hbox (30.48438pt too wide) in paragraph at lines 31--32
[][][][][][][][][][][][][][][][][][][][][][][][] 
 []


Overfull \hbox (30.48438pt too wide) in paragraph at lines 34--35
[][][][][][][][][][][][][][][][][][][][][][][][][] 
 []

)

! LaTeX Error: There's no line here to end.

See the LaTeX manual or LaTeX Companion for explanation.
Type  H <return>  for immediate help.
 ...                                              
                                                  
l.26 \large
           {a.出力結果}\\
? 

Overfull \hbox (2.00838pt too wide) in paragraph at lines 26--38
[]\OT1/cmr/m/n/14.4 JAKLD \JY1/mc/m/n/14.4 では \OT1/cmr/m/n/14.4 n=80 \JY1/mc/
m/n/14.4 までしか出力できなか っ たため 、 以下は \OT1/cmr/m/n/14.4 gauche
 []

[3] (./1029249540-YamazakiKeitaro-5.aux) ) 
Here is how much of TeX's memory you used:
 1493 strings out of 494061
 21226 string characters out of 3158059
 90404 words of memory out of 3000000
 4967 multiletter control sequences out of 15000+200000
 14694 words of font info for 57 fonts, out of 3000000 for 9000
 745 hyphenation exceptions out of 8191
 29i,6n,32p,222b,1526s stack positions out of 5000i,500n,10000p,200000b,50000s

Output written on 1029249540-YamazakiKeitaro-5.dvi (3 pages, 8532 bytes).
